<?xml version="1.0" encoding="UTF-8"?>
<!-- Generated by org.testng.reporters.JUnitXMLReporter -->
<testsuite ignored="4" hostname="DESKTOP-K7H3A43" failures="4" tests="17" name="restApiTest" time="76.016" errors="0" timestamp="2022-11-25T18:24:46 GMT">
  <testcase classname="com.datadrivenapi.test.TC001_Get_All_EmployeeData" name="Content_Encoding" time="0.026"/>
  <testcase classname="com.datadrivenapi.test.TC001_Get_All_EmployeeData" name="Get_ResponseTime" time="0.003"/>
  <testcase classname="com.datadrivenapi.test.TC001_Get_All_EmployeeData" name="content_Type" time="0.059">
    <failure type="java.lang.AssertionError" message="expected [application/json] but found [text/html; charset=UTF-8]">
      <![CDATA[java.lang.AssertionError: expected [application/json] but found [text/html; charset=UTF-8]
at com.datadrivenapi.test.TC001_Get_All_EmployeeData.content_Type(TC001_Get_All_EmployeeData.java:57)
at java.base/java.util.ArrayList.forEach(ArrayList.java:1541)
... Removed 36 stack frames]]>
    </failure>
  </testcase> <!-- content_Type -->
  <testcase classname="com.datadrivenapi.test.TC001_Get_All_EmployeeData" name="getAllEmployeesResponseBody" time="0.042"/>
  <testcase classname="com.datadrivenapi.test.TC001_Get_All_EmployeeData" name="server_Type" time="0.002"/>
  <testcase classname="com.datadrivenapi.test.TC001_Get_All_EmployeeData" name="statusCode" time="0.0">
    <failure type="java.lang.AssertionError" message="expected [200] but found [429]">
      <![CDATA[java.lang.AssertionError: expected [200] but found [429]
at com.datadrivenapi.test.TC001_Get_All_EmployeeData.statusCode(TC001_Get_All_EmployeeData.java:41)
at java.base/java.util.ArrayList.forEach(ArrayList.java:1541)
... Removed 36 stack frames]]>
    </failure>
  </testcase> <!-- statusCode -->
  <testcase classname="com.datadrivenapi.test.TC001_Get_All_EmployeeData" name="statusLine" time="0.001"/>
  <testcase classname="com.datadrivenapi.test.TC003_Create_New_RecordInDB" name="GetResponseBody" time="0.003"/>
  <testcase classname="com.datadrivenapi.test.TC003_Create_New_RecordInDB" name="statusCode" time="0.002"/>
  <testcase classname="com.datadrivenapi.test.TC003_Create_New_RecordInDB" name="statusLine" time="0.002"/>
  <testcase classname="com.datadrivenapi.test.TC004_Update_Employee_Record" name="Content_Encoding" time="0.002">
    <failure type="java.lang.AssertionError" message="expected [br] but found [gzip]">
      <![CDATA[java.lang.AssertionError: expected [br] but found [gzip]
at com.datadrivenapi.test.TC004_Update_Employee_Record.Content_Encoding(TC004_Update_Employee_Record.java:79)
at java.base/java.util.ArrayList.forEach(ArrayList.java:1541)
... Removed 36 stack frames]]>
    </failure>
  </testcase> <!-- Content_Encoding -->
  <testcase classname="com.datadrivenapi.test.TC004_Update_Employee_Record" name="GetResponseBody" time="0.067">
    <failure type="java.lang.AssertionError" message="expected [true] but found [false]">
      <![CDATA[java.lang.AssertionError: expected [true] but found [false]
at com.datadrivenapi.test.TC004_Update_Employee_Record.GetResponseBody(TC004_Update_Employee_Record.java:38)
at java.base/java.util.ArrayList.forEach(ArrayList.java:1541)
... Removed 34 stack frames]]>
    </failure>
  </testcase> <!-- GetResponseBody -->
  <testcase classname="com.datadrivenapi.test.TC004_Update_Employee_Record" name="Get_ResponseTime" time="0.002"/>
  <testcase classname="com.datadrivenapi.test.TC004_Update_Employee_Record" name="content_Type" time="0.003"/>
  <testcase classname="com.datadrivenapi.test.TC004_Update_Employee_Record" name="server_Type" time="0.002"/>
  <testcase classname="com.datadrivenapi.test.TC004_Update_Employee_Record" name="statusCode" time="0.002"/>
  <testcase classname="com.datadrivenapi.test.TC004_Update_Employee_Record" name="statusLine" time="0.001"/>
  <testcase classname="com.datadrivenapi.base.baseTest" name="@AfterSuite afterSuite" time="0.0">
    <ignored/>
  </testcase> <!-- @AfterSuite afterSuite -->
  <testcase classname="com.datadrivenapi.base.baseTest" name="@BeforeSuite setUp" time="0.0">
    <ignored/>
  </testcase> <!-- @BeforeSuite setUp -->
  <testcase classname="com.datadrivenapi.base.baseTest" name="@BeforeSuite setUp" time="0.0">
    <ignored/>
  </testcase> <!-- @BeforeSuite setUp -->
  <testcase classname="com.datadrivenapi.base.baseTest" name="@AfterSuite afterSuite" time="0.0">
    <ignored/>
  </testcase> <!-- @AfterSuite afterSuite -->
</testsuite> <!-- restApiTest -->
